<?xml version="1.0" encoding="UTF-8"?>
<testng-results ignored="0" total="1" passed="1" failed="0" skipped="0">
  <reporter-output>
  </reporter-output>
  <suite started-at="2023-11-18T08:05:20 EST" name="Default suite" finished-at="2023-11-18T08:05:27 EST" duration-ms="7356">
    <groups>
    </groups>
    <test started-at="2023-11-18T08:05:20 EST" name="Default test" finished-at="2023-11-18T08:05:27 EST" duration-ms="7356">
      <class name="com.automation.day22.Nov_12_2023Practice.HW_SpiceJet_DatePickerPractice">
        <test-method is-config="true" signature="setUp()[pri:0, instance:com.automation.day22.Nov_12_2023Practice.HW_SpiceJet_DatePickerPractice@51c668e3]" started-at="2023-11-18T08:05:20 EST" name="setUp" finished-at="2023-11-18T08:05:27 EST" duration-ms="6908" status="PASS">
          <reporter-output>
          </reporter-output>
        </test-method> <!-- setUp -->
        <test-method signature="spiceJet()[pri:0, instance:com.automation.day22.Nov_12_2023Practice.HW_SpiceJet_DatePickerPractice@51c668e3]" started-at="2023-11-18T08:05:27 EST" name="spiceJet" finished-at="2023-11-18T08:05:27 EST" duration-ms="174" status="PASS">
          <reporter-output>
          </reporter-output>
        </test-method> <!-- spiceJet -->
        <test-method is-config="true" signature="tearDown()[pri:0, instance:com.automation.day22.Nov_12_2023Practice.HW_SpiceJet_DatePickerPractice@51c668e3]" started-at="2023-11-18T08:05:27 EST" name="tearDown" finished-at="2023-11-18T08:05:27 EST" duration-ms="214" status="PASS">
          <reporter-output>
          </reporter-output>
        </test-method> <!-- tearDown -->
      </class> <!-- com.automation.day22.Nov_12_2023Practice.HW_SpiceJet_DatePickerPractice -->
    </test> <!-- Default test -->
  </suite> <!-- Default suite -->
</testng-results>
